Started GET "/" for 127.0.0.1 at 2020-06-05 16:28:46 +0500
  [1m[35m (13.5ms)[0m  [1m[34mSELECT sqlite_version(*)[0m
Processing by Rails::WelcomeController#index as HTML
  Rendering /home/dev/.rvm/gems/ruby-2.7.1/gems/railties-6.0.3.1/lib/rails/templates/rails/welcome/index.html.erb
  Rendered /home/dev/.rvm/gems/ruby-2.7.1/gems/railties-6.0.3.1/lib/rails/templates/rails/welcome/index.html.erb (Duration: 39.7ms | Allocations: 406)
Completed 200 OK in 86ms (Views: 58.5ms | ActiveRecord: 0.0ms | Allocations: 2336)


Started GET "/" for 127.0.0.1 at 2020-06-05 16:32:49 +0500
  [1m[35m (0.7ms)[0m  [1m[34mSELECT sqlite_version(*)[0m
Processing by Rails::WelcomeController#index as HTML
  Rendering /home/dev/.rvm/gems/ruby-2.7.1/gems/railties-6.0.3.1/lib/rails/templates/rails/welcome/index.html.erb
  Rendered /home/dev/.rvm/gems/ruby-2.7.1/gems/railties-6.0.3.1/lib/rails/templates/rails/welcome/index.html.erb (Duration: 5.8ms | Allocations: 294)
Completed 200 OK in 17ms (Views: 7.8ms | ActiveRecord: 0.0ms | Allocations: 1633)


DEPRECATION WARNING: Using `bin/rake routes` is deprecated and will be removed in Rails 6.1. Use `bin/rails routes` instead.
 (called from block in execute at /usr/share/rvm/rubies/ruby-2.7.1/lib/ruby/gems/2.7.0/gems/rake-13.0.1/lib/rake/task.rb:281)
DEPRECATION WARNING: Using `bin/rake routes` is deprecated and will be removed in Rails 6.1. Use `bin/rails routes` instead.
 (called from block in execute at /usr/share/rvm/rubies/ruby-2.7.1/lib/ruby/gems/2.7.0/gems/rake-13.0.1/lib/rake/task.rb:281)
DEPRECATION WARNING: Using `bin/rake routes` is deprecated and will be removed in Rails 6.1. Use `bin/rails routes` instead.
 (called from block in execute at /usr/share/rvm/rubies/ruby-2.7.1/lib/ruby/gems/2.7.0/gems/rake-13.0.1/lib/rake/task.rb:281)
  [1m[35m (0.4ms)[0m  [1m[34mSELECT sqlite_version(*)[0m
  [1m[35m (81.0ms)[0m  [1m[35mCREATE TABLE "schema_migrations" ("version" varchar NOT NULL PRIMARY KEY)[0m
  [1m[35m (123.1ms)[0m  [1m[35mCREATE TABLE "ar_internal_metadata" ("key" varchar NOT NULL PRIMARY KEY, "value" varchar, "created_at" datetime(6) NOT NULL, "updated_at" datetime(6) NOT NULL)[0m
  [1m[35m (0.2ms)[0m  [1m[34mSELECT "schema_migrations"."version" FROM "schema_migrations" ORDER BY "schema_migrations"."version" ASC[0m
Migrating to CreatePosts (20200605114935)
  [1m[35m (0.1ms)[0m  [1m[36mbegin transaction[0m
  [1m[35m (0.4ms)[0m  [1m[35mCREATE TABLE "posts" ("id" integer PRIMARY KEY AUTOINCREMENT NOT NULL, "title" varchar, "text" text, "created_at" datetime(6) NOT NULL, "updated_at" datetime(6) NOT NULL)[0m
  [1m[36mprimary::SchemaMigration Create (0.2ms)[0m  [1m[32mINSERT INTO "schema_migrations" ("version") VALUES (?)[0m  [["version", "20200605114935"]]
  [1m[35m (125.9ms)[0m  [1m[36mcommit transaction[0m
  [1m[36mActiveRecord::InternalMetadata Load (0.2ms)[0m  [1m[34mSELECT "ar_internal_metadata".* FROM "ar_internal_metadata" WHERE "ar_internal_metadata"."key" = ? LIMIT ?[0m  [["key", "environment"], ["LIMIT", 1]]
  [1m[35m (0.1ms)[0m  [1m[36mbegin transaction[0m
  [1m[36mActiveRecord::InternalMetadata Create (0.4ms)[0m  [1m[32mINSERT INTO "ar_internal_metadata" ("key", "value", "created_at", "updated_at") VALUES (?, ?, ?, ?)[0m  [["key", "environment"], ["value", "development"], ["created_at", "2020-06-05 11:53:10.939846"], ["updated_at", "2020-06-05 11:53:10.939846"]]
  [1m[35m (80.4ms)[0m  [1m[36mcommit transaction[0m
  [1m[35m (0.1ms)[0m  [1m[34mSELECT sqlite_version(*)[0m
  [1m[35m (0.2ms)[0m  [1m[34mSELECT "schema_migrations"."version" FROM "schema_migrations" ORDER BY "schema_migrations"."version" ASC[0m
Started GET "/" for 127.0.0.1 at 2020-06-05 16:53:34 +0500
  [1m[35m (0.4ms)[0m  [1m[34mSELECT sqlite_version(*)[0m
  [1m[35m (0.2ms)[0m  [1m[34mSELECT "schema_migrations"."version" FROM "schema_migrations" ORDER BY "schema_migrations"."version" ASC[0m
Processing by PostsController#index as HTML
  Rendering posts/index.html.erb within layouts/application
  Rendered posts/index.html.erb within layouts/application (Duration: 1.0ms | Allocations: 194)
[Webpacker] Compiling...
[Webpacker] Compiled all packs in /home/dev/Documents/temp/blog/public/packs
[Webpacker] Hash: 15d1bb7b54cf6326b9ba
Version: webpack 4.43.0
Time: 2628ms
Built at: 06/05/2020 4:53:38 PM
                                     Asset       Size       Chunks                         Chunk Names
    js/application-9afcbb5693aa87623e69.js    124 KiB  application  [emitted] [immutable]  application
js/application-9afcbb5693aa87623e69.js.map    139 KiB  application  [emitted] [dev]        application
                             manifest.json  364 bytes               [emitted]              
Entrypoint application = js/application-9afcbb5693aa87623e69.js js/application-9afcbb5693aa87623e69.js.map
[./app/javascript/channels sync recursive _channel\.js$] ./app/javascript/channels sync _channel\.js$ 160 bytes {application} [built]
[./app/javascript/channels/index.js] 211 bytes {application} [built]
[./app/javascript/packs/application.js] 749 bytes {application} [built]
[./node_modules/webpack/buildin/module.js] (webpack)/buildin/module.js 552 bytes {application} [built]
    + 3 hidden modules

Completed 200 OK in 4296ms (Views: 4289.1ms | ActiveRecord: 0.0ms | Allocations: 18651)


